2019-04-09 14:13:00.820 [34m[INFO ][0;39m com.muggle.poseidon.poseidoncenter.RedisTempleteTest - Starting RedisTempleteTest on DESKTOP-QRU88DL with PID 18856 (started by muggle in D:\workspace\java\github\poseidon-java\poseidon\poseidon-center)
2019-04-09 14:13:00.821 [34m[INFO ][0;39m com.muggle.poseidon.poseidoncenter.RedisTempleteTest - The following profiles are active: local
2019-04-09 14:13:00.865 [34m[INFO ][0;39m org.springframework.web.context.support.GenericWebApplicationContext - Refreshing org.springframework.web.context.support.GenericWebApplicationContext@1608bcbd: startup date [Tue Apr 09 14:13:00 CST 2019]; root of context hierarchy
2019-04-09 14:13:02.533 [34m[INFO ][0;39m org.springframework.data.repository.config.RepositoryConfigurationDelegate - Multiple Spring Data modules found, entering strict repository configuration mode!
2019-04-09 14:13:02.739 [34m[INFO ][0;39m org.springframework.data.repository.config.RepositoryConfigurationDelegate - Multiple Spring Data modules found, entering strict repository configuration mode!
2019-04-09 14:13:02.955 [34m[INFO ][0;39m org.springframework.data.repository.config.RepositoryConfigurationDelegate - Multiple Spring Data modules found, entering strict repository configuration mode!
2019-04-09 14:13:02.994 [34m[INFO ][0;39m org.springframework.data.repository.config.RepositoryConfigurationExtensionSupport - Spring Data Redis - Could not safely identify store assignment for repository candidate interface com.muggle.poseidon.repos.PoseidonBlackListRepository.
2019-04-09 14:13:02.995 [34m[INFO ][0;39m org.springframework.data.repository.config.RepositoryConfigurationExtensionSupport - Spring Data Redis - Could not safely identify store assignment for repository candidate interface com.muggle.poseidon.repos.PoseidonGrantedAuthorityRepository.
2019-04-09 14:13:02.995 [34m[INFO ][0;39m org.springframework.data.repository.config.RepositoryConfigurationExtensionSupport - Spring Data Redis - Could not safely identify store assignment for repository candidate interface com.muggle.poseidon.repos.PoseidonRoleRepository.
2019-04-09 14:13:02.996 [34m[INFO ][0;39m org.springframework.data.repository.config.RepositoryConfigurationExtensionSupport - Spring Data Redis - Could not safely identify store assignment for repository candidate interface com.muggle.poseidon.repos.PoseidonSignRepository.
2019-04-09 14:13:02.996 [34m[INFO ][0;39m org.springframework.data.repository.config.RepositoryConfigurationExtensionSupport - Spring Data Redis - Could not safely identify store assignment for repository candidate interface com.muggle.poseidon.repos.PoseidonUserDetailsRepository.
2019-04-09 14:13:02.996 [34m[INFO ][0;39m org.springframework.data.repository.config.RepositoryConfigurationExtensionSupport - Spring Data Redis - Could not safely identify store assignment for repository candidate interface com.muggle.poseidon.repos.RoleGrantedRepository.
2019-04-09 14:13:02.996 [34m[INFO ][0;39m org.springframework.data.repository.config.RepositoryConfigurationExtensionSupport - Spring Data Redis - Could not safely identify store assignment for repository candidate interface com.muggle.poseidon.repos.UserMessageRepository.
2019-04-09 14:13:02.996 [34m[INFO ][0;39m org.springframework.data.repository.config.RepositoryConfigurationExtensionSupport - Spring Data Redis - Could not safely identify store assignment for repository candidate interface com.muggle.poseidon.repos.UserRoleRepository.
2019-04-09 14:13:02.996 [34m[INFO ][0;39m org.springframework.data.repository.config.RepositoryConfigurationExtensionSupport - Spring Data Redis - Could not safely identify store assignment for repository candidate interface com.muggle.poseidon.logrep.LoggingEventExceptionRepository.
2019-04-09 14:13:02.996 [34m[INFO ][0;39m org.springframework.data.repository.config.RepositoryConfigurationExtensionSupport - Spring Data Redis - Could not safely identify store assignment for repository candidate interface com.muggle.poseidon.logrep.LoggingEventPropertyRepository.
2019-04-09 14:13:02.997 [34m[INFO ][0;39m org.springframework.data.repository.config.RepositoryConfigurationExtensionSupport - Spring Data Redis - Could not safely identify store assignment for repository candidate interface com.muggle.poseidon.logrep.LoggingEventRepository.
2019-04-09 14:13:03.455 [34m[INFO ][0;39m org.springframework.context.support.PostProcessorRegistrationDelegate$BeanPostProcessorChecker - Bean 'org.springframework.security.config.annotation.configuration.ObjectPostProcessorConfiguration' of type [org.springframework.security.config.annotation.configuration.ObjectPostProcessorConfiguration$$EnhancerBySpringCGLIB$$96bb2e1d] is not eligible for getting processed by all BeanPostProcessors (for example: not eligible for auto-proxying)
2019-04-09 14:13:03.563 [34m[INFO ][0;39m org.springframework.context.support.PostProcessorRegistrationDelegate$BeanPostProcessorChecker - Bean 'objectPostProcessor' of type [org.springframework.security.config.annotation.configuration.AutowireBeanFactoryObjectPostProcessor] is not eligible for getting processed by all BeanPostProcessors (for example: not eligible for auto-proxying)
2019-04-09 14:13:03.567 [34m[INFO ][0;39m org.springframework.context.support.PostProcessorRegistrationDelegate$BeanPostProcessorChecker - Bean 'org.springframework.security.access.expression.method.DefaultMethodSecurityExpressionHandler@2630dbc4' of type [org.springframework.security.access.expression.method.DefaultMethodSecurityExpressionHandler] is not eligible for getting processed by all BeanPostProcessors (for example: not eligible for auto-proxying)
2019-04-09 14:13:03.571 [34m[INFO ][0;39m org.springframework.context.support.PostProcessorRegistrationDelegate$BeanPostProcessorChecker - Bean 'org.springframework.security.config.annotation.method.configuration.GlobalMethodSecurityConfiguration' of type [org.springframework.security.config.annotation.method.configuration.GlobalMethodSecurityConfiguration$$EnhancerBySpringCGLIB$$bb8fd0cf] is not eligible for getting processed by all BeanPostProcessors (for example: not eligible for auto-proxying)
2019-04-09 14:13:03.586 [34m[INFO ][0;39m org.springframework.context.support.PostProcessorRegistrationDelegate$BeanPostProcessorChecker - Bean 'methodSecurityMetadataSource' of type [org.springframework.security.access.method.DelegatingMethodSecurityMetadataSource] is not eligible for getting processed by all BeanPostProcessors (for example: not eligible for auto-proxying)
2019-04-09 14:13:03.594 [34m[INFO ][0;39m org.springframework.context.support.PostProcessorRegistrationDelegate$BeanPostProcessorChecker - Bean 'org.springframework.transaction.annotation.ProxyTransactionManagementConfiguration' of type [org.springframework.transaction.annotation.ProxyTransactionManagementConfiguration$$EnhancerBySpringCGLIB$$fe0d65e3] is not eligible for getting processed by all BeanPostProcessors (for example: not eligible for auto-proxying)
2019-04-09 14:13:04.016 [34m[INFO ][0;39m org.springframework.orm.jpa.LocalContainerEntityManagerFactoryBean - Building JPA container EntityManagerFactory for persistence unit 'primaryPersistenceUnit'
2019-04-09 14:13:04.083 [34m[INFO ][0;39m org.hibernate.jpa.internal.util.LogHelper - HHH000204: Processing PersistenceUnitInfo [
	name: primaryPersistenceUnit
	...]
2019-04-09 14:13:04.245 [34m[INFO ][0;39m org.hibernate.Version - HHH000412: Hibernate Core {5.2.17.Final}
2019-04-09 14:13:04.247 [34m[INFO ][0;39m org.hibernate.cfg.Environment - HHH000206: hibernate.properties not found
2019-04-09 14:13:04.331 [34m[INFO ][0;39m org.hibernate.annotations.common.Version - HCANN000001: Hibernate Commons Annotations {5.0.1.Final}
2019-04-09 14:13:04.487 [34m[INFO ][0;39m com.alibaba.druid.pool.DruidDataSource - {dataSource-2} inited
2019-04-09 14:13:04.569 [34m[INFO ][0;39m org.hibernate.dialect.Dialect - HHH000400: Using dialect: org.hibernate.dialect.MySQL5Dialect
2019-04-09 14:13:05.650 [34m[INFO ][0;39m org.springframework.orm.jpa.LocalContainerEntityManagerFactoryBean - Initialized JPA EntityManagerFactory for persistence unit 'primaryPersistenceUnit'
2019-04-09 14:13:05.697 [34m[INFO ][0;39m org.springframework.orm.jpa.LocalContainerEntityManagerFactoryBean - Building JPA container EntityManagerFactory for persistence unit 'secondPersistenceUnit'
2019-04-09 14:13:05.697 [34m[INFO ][0;39m org.hibernate.jpa.internal.util.LogHelper - HHH000204: Processing PersistenceUnitInfo [
	name: secondPersistenceUnit
	...]
2019-04-09 14:13:05.706 [34m[INFO ][0;39m com.alibaba.druid.pool.DruidDataSource - {dataSource-3} inited
2019-04-09 14:13:05.780 [34m[INFO ][0;39m org.hibernate.dialect.Dialect - HHH000400: Using dialect: org.hibernate.dialect.MySQL5Dialect
2019-04-09 14:13:05.819 [34m[INFO ][0;39m org.springframework.orm.jpa.LocalContainerEntityManagerFactoryBean - Initialized JPA EntityManagerFactory for persistence unit 'secondPersistenceUnit'
2019-04-09 14:13:07.443 [34m[INFO ][0;39m org.springframework.security.web.DefaultSecurityFilterChain - Creating filter chain: Ant [pattern='/resources/**/*.html'], []
2019-04-09 14:13:07.443 [34m[INFO ][0;39m org.springframework.security.web.DefaultSecurityFilterChain - Creating filter chain: Ant [pattern='/resources/**/*.js'], []
2019-04-09 14:13:07.444 [34m[INFO ][0;39m org.springframework.security.web.DefaultSecurityFilterChain - Creating filter chain: Ant [pattern='/resources/**/*.css'], []
2019-04-09 14:13:07.444 [34m[INFO ][0;39m org.springframework.security.web.DefaultSecurityFilterChain - Creating filter chain: Ant [pattern='/resources/**/*.txt'], []
2019-04-09 14:13:07.444 [34m[INFO ][0;39m org.springframework.security.web.DefaultSecurityFilterChain - Creating filter chain: Ant [pattern='/resources/**/*.png'], []
2019-04-09 14:13:07.444 [34m[INFO ][0;39m org.springframework.security.web.DefaultSecurityFilterChain - Creating filter chain: Ant [pattern='/**/*.bmp'], []
2019-04-09 14:13:07.444 [34m[INFO ][0;39m org.springframework.security.web.DefaultSecurityFilterChain - Creating filter chain: Ant [pattern='/**/*.gif'], []
2019-04-09 14:13:07.444 [34m[INFO ][0;39m org.springframework.security.web.DefaultSecurityFilterChain - Creating filter chain: Ant [pattern='/**/*.png'], []
2019-04-09 14:13:07.444 [34m[INFO ][0;39m org.springframework.security.web.DefaultSecurityFilterChain - Creating filter chain: Ant [pattern='/**/*.jpg'], []
2019-04-09 14:13:07.444 [34m[INFO ][0;39m org.springframework.security.web.DefaultSecurityFilterChain - Creating filter chain: Ant [pattern='/**/*.ico'], []
2019-04-09 14:13:07.547 [34m[INFO ][0;39m org.springframework.security.web.DefaultSecurityFilterChain - Creating filter chain: org.springframework.security.web.util.matcher.AnyRequestMatcher@1, [org.springframework.security.web.context.request.async.WebAsyncManagerIntegrationFilter@573870cb, org.springframework.security.web.context.SecurityContextPersistenceFilter@186f7434, org.springframework.security.web.header.HeaderWriterFilter@5b23c1f6, org.springframework.security.web.authentication.logout.LogoutFilter@a7bbdbc, com.muggle.poseidon.core.filter.PoseidonTokenFilter@5b88af70, org.springframework.security.web.authentication.UsernamePasswordAuthenticationFilter@18ac4af6, org.springframework.security.web.savedrequest.RequestCacheAwareFilter@6ffc6ea7, org.springframework.security.web.servletapi.SecurityContextHolderAwareRequestFilter@3516b881, org.springframework.security.web.authentication.AnonymousAuthenticationFilter@2739ecc0, org.springframework.security.web.session.SessionManagementFilter@3bf01a01, org.springframework.security.web.access.ExceptionTranslationFilter@55682482, org.springframework.security.web.access.intercept.FilterSecurityInterceptor@fceab5d]
2019-04-09 14:13:07.929 [34m[INFO ][0;39m org.springframework.web.servlet.handler.SimpleUrlHandlerMapping - Mapped URL path [/**/favicon.ico] onto handler of type [class org.springframework.web.servlet.resource.ResourceHttpRequestHandler]
2019-04-09 14:13:08.293 [34m[INFO ][0;39m org.springframework.web.servlet.mvc.method.annotation.RequestMappingHandlerAdapter - Looking for @ControllerAdvice: org.springframework.web.context.support.GenericWebApplicationContext@1608bcbd: startup date [Tue Apr 09 14:13:00 CST 2019]; root of context hierarchy
2019-04-09 14:13:08.340 [31m[WARN ][0;39m org.springframework.boot.autoconfigure.orm.jpa.JpaBaseConfiguration$JpaWebConfiguration$JpaWebMvcConfiguration - spring.jpa.open-in-view is enabled by default. Therefore, database queries may be performed during view rendering. Explicitly configure spring.jpa.open-in-view to disable this warning
2019-04-09 14:13:08.370 [34m[INFO ][0;39m org.springframework.web.servlet.mvc.method.annotation.RequestMappingHandlerMapping - Mapped "{[/public/hello],methods=[GET]}" onto public java.lang.String com.muggle.poseidon.controller.ApiController.get()
2019-04-09 14:13:08.371 [34m[INFO ][0;39m org.springframework.web.servlet.mvc.method.annotation.RequestMappingHandlerMapping - Mapped "{[/public/wer34retrty-asdfwsdfsd.html],methods=[GET]}" onto public com.muggle.poseidon.base.ResultBean com.muggle.poseidon.controller.ApiController.create()
2019-04-09 14:13:08.371 [34m[INFO ][0;39m org.springframework.web.servlet.mvc.method.annotation.RequestMappingHandlerMapping - Mapped "{[/admin/role],methods=[POST]}" onto public com.muggle.poseidon.base.ResultBean com.muggle.poseidon.controller.ApiController.setRole(com.muggle.poseidon.entity.PoseidonUserDetail)
2019-04-09 14:13:08.371 [34m[INFO ][0;39m org.springframework.web.servlet.mvc.method.annotation.RequestMappingHandlerMapping - Mapped "{[/public/verification],methods=[POST]}" onto public com.muggle.poseidon.base.ResultBean com.muggle.poseidon.controller.ApiController.getVerification(com.muggle.poseidon.entity.vo.VerifVO)
2019-04-09 14:13:08.372 [34m[INFO ][0;39m org.springframework.web.servlet.mvc.method.annotation.RequestMappingHandlerMapping - Mapped "{[/sign_up],methods=[POST]}" onto public com.muggle.poseidon.base.ResultBean com.muggle.poseidon.controller.LoginController.toSignUp(com.muggle.poseidon.entity.PoseidonUserDetail)
2019-04-09 14:13:08.372 [34m[INFO ][0;39m org.springframework.web.servlet.mvc.method.annotation.RequestMappingHandlerMapping - Mapped "{[/login_page],methods=[GET]}" onto public java.lang.String com.muggle.poseidon.controller.LoginController.getLogin()
2019-04-09 14:13:08.372 [34m[INFO ][0;39m org.springframework.web.servlet.mvc.method.annotation.RequestMappingHandlerMapping - Mapped "{[/sign_page],methods=[GET]}" onto public java.lang.String com.muggle.poseidon.controller.LoginController.signPage()
2019-04-09 14:13:08.375 [34m[INFO ][0;39m org.springframework.web.servlet.mvc.method.annotation.RequestMappingHandlerMapping - Mapped "{[/poseidon/message/count],methods=[GET]}" onto public com.muggle.poseidon.base.ResultBean com.muggle.poseidon.controller.MessageController.count(com.muggle.poseidon.entity.UserMessage)
2019-04-09 14:13:08.375 [34m[INFO ][0;39m org.springframework.web.servlet.mvc.method.annotation.RequestMappingHandlerMapping - Mapped "{[/poseidon/message/update],methods=[PUT]}" onto public com.muggle.poseidon.base.ResultBean com.muggle.poseidon.controller.MessageController.update(com.muggle.poseidon.entity.UserMessage)
2019-04-09 14:13:08.375 [34m[INFO ][0;39m org.springframework.web.servlet.mvc.method.annotation.RequestMappingHandlerMapping - Mapped "{[/poseidon/message/unread],methods=[GET]}" onto public com.muggle.poseidon.base.ResultBean com.muggle.poseidon.controller.MessageController.getMessage()
2019-04-09 14:13:08.375 [34m[INFO ][0;39m org.springframework.web.servlet.mvc.method.annotation.RequestMappingHandlerMapping - Mapped "{[/poseidon/message/delete/{id}],methods=[DELETE]}" onto public com.muggle.poseidon.base.ResultBean com.muggle.poseidon.controller.MessageController.delete(java.lang.String)
2019-04-09 14:13:08.375 [34m[INFO ][0;39m org.springframework.web.servlet.mvc.method.annotation.RequestMappingHandlerMapping - Mapped "{[/poseidon/message/insert],methods=[POST]}" onto public com.muggle.poseidon.base.ResultBean com.muggle.poseidon.controller.MessageController.insert(com.muggle.poseidon.entity.UserMessage)
2019-04-09 14:13:08.376 [34m[INFO ][0;39m org.springframework.web.servlet.mvc.method.annotation.RequestMappingHandlerMapping - Mapped "{[/poseidon/message/all],methods=[GET]}" onto public com.muggle.poseidon.base.ResultBean com.muggle.poseidon.controller.MessageController.getAll(com.muggle.poseidon.entity.UserMessage)
2019-04-09 14:13:08.376 [34m[INFO ][0;39m org.springframework.web.servlet.mvc.method.annotation.RequestMappingHandlerMapping - Mapped "{[/admin/oauth/authority/update],methods=[PUT]}" onto public com.muggle.poseidon.base.ResultBean com.muggle.poseidon.controller.OauthController.update(com.muggle.poseidon.entity.PoseidonGrantedAuthority)
2019-04-09 14:13:08.377 [34m[INFO ][0;39m org.springframework.web.servlet.mvc.method.annotation.RequestMappingHandlerMapping - Mapped "{[/admin/oauth/authority/{id}],methods=[DELETE]}" onto public com.muggle.poseidon.base.ResultBean com.muggle.poseidon.controller.OauthController.delete(java.lang.String)
2019-04-09 14:13:08.377 [34m[INFO ][0;39m org.springframework.web.servlet.mvc.method.annotation.RequestMappingHandlerMapping - Mapped "{[/admin/oauth/authority/insert_batch],methods=[POST]}" onto public com.muggle.poseidon.base.ResultBean com.muggle.poseidon.controller.OauthController.insert(java.util.List<com.muggle.poseidon.entity.PoseidonGrantedAuthority>)
2019-04-09 14:13:08.377 [34m[INFO ][0;39m org.springframework.web.servlet.mvc.method.annotation.RequestMappingHandlerMapping - Mapped "{[/admin/oauth/authority],methods=[GET]}" onto public com.muggle.poseidon.base.ResultBean com.muggle.poseidon.controller.OauthController.getAuthority(com.muggle.poseidon.entity.PoseidonGrantedAuthority)
2019-04-09 14:13:08.379 [34m[INFO ][0;39m org.springframework.web.servlet.mvc.method.annotation.RequestMappingHandlerMapping - Mapped "{[/poseidon/blacklist/count],methods=[GET]}" onto public java.lang.Long com.muggle.poseidon.controller.PoseidonBlackListController.count(com.muggle.poseidon.entity.PoseidonBlackList)
2019-04-09 14:13:08.379 [34m[INFO ][0;39m org.springframework.web.servlet.mvc.method.annotation.RequestMappingHandlerMapping - Mapped "{[/poseidon/blacklist/update],methods=[PUT]}" onto public com.muggle.poseidon.base.ResultBean com.muggle.poseidon.controller.PoseidonBlackListController.update(com.muggle.poseidon.entity.PoseidonBlackList)
2019-04-09 14:13:08.379 [34m[INFO ][0;39m org.springframework.web.servlet.mvc.method.annotation.RequestMappingHandlerMapping - Mapped "{[/poseidon/blacklist/find],methods=[GET]}" onto public com.muggle.poseidon.base.ResultBean com.muggle.poseidon.controller.PoseidonBlackListController.find(com.muggle.poseidon.entity.PoseidonBlackList)
2019-04-09 14:13:08.379 [34m[INFO ][0;39m org.springframework.web.servlet.mvc.method.annotation.RequestMappingHandlerMapping - Mapped "{[/poseidon/blacklist/delete/{id}],methods=[DELETE]}" onto public com.muggle.poseidon.base.ResultBean com.muggle.poseidon.controller.PoseidonBlackListController.delete(java.lang.String)
2019-04-09 14:13:08.379 [34m[INFO ][0;39m org.springframework.web.servlet.mvc.method.annotation.RequestMappingHandlerMapping - Mapped "{[/poseidon/blacklist/insert_batch],methods=[POST]}" onto public com.muggle.poseidon.base.ResultBean com.muggle.poseidon.controller.PoseidonBlackListController.insert(java.util.List<com.muggle.poseidon.entity.PoseidonBlackList>)
2019-04-09 14:13:08.380 [34m[INFO ][0;39m org.springframework.web.servlet.mvc.method.annotation.RequestMappingHandlerMapping - Mapped "{[/poseidon/blacklist/find/{id}],methods=[GET]}" onto public com.muggle.poseidon.base.ResultBean com.muggle.poseidon.controller.PoseidonBlackListController.findOne(java.lang.String)
2019-04-09 14:13:08.380 [34m[INFO ][0;39m org.springframework.web.servlet.mvc.method.annotation.RequestMappingHandlerMapping - Mapped "{[/poseidon/sign/delete/{id}],methods=[DELETE]}" onto public com.muggle.poseidon.base.ResultBean com.muggle.poseidon.controller.PoseidonSignController.delete(java.lang.String)
2019-04-09 14:13:08.381 [34m[INFO ][0;39m org.springframework.web.servlet.mvc.method.annotation.RequestMappingHandlerMapping - Mapped "{[/poseidon/sign/insert],methods=[POST]}" onto public com.muggle.poseidon.base.ResultBean com.muggle.poseidon.controller.PoseidonSignController.insertSign(com.muggle.poseidon.entity.PoseidonSign,java.lang.String)
2019-04-09 14:13:08.381 [34m[INFO ][0;39m org.springframework.web.servlet.mvc.method.annotation.RequestMappingHandlerMapping - Mapped "{[/poseidon/sign/info],methods=[GET]}" onto public com.muggle.poseidon.base.ResultBean com.muggle.poseidon.controller.PoseidonSignController.getSigns()
2019-04-09 14:13:08.381 [34m[INFO ][0;39m org.springframework.web.servlet.mvc.method.annotation.RequestMappingHandlerMapping - Mapped "{[/poseidon/sign/info/{id}],methods=[GET]}" onto public com.muggle.poseidon.base.ResultBean com.muggle.poseidon.controller.PoseidonSignController.getSignById(java.lang.String)
2019-04-09 14:13:08.381 [34m[INFO ][0;39m org.springframework.web.servlet.mvc.method.annotation.RequestMappingHandlerMapping - Mapped "{[/poseidon/sign/update],methods=[PUT]}" onto public com.muggle.poseidon.base.ResultBean com.muggle.poseidon.controller.PoseidonSignController.updateSign(com.muggle.poseidon.entity.PoseidonSign,java.lang.String)
2019-04-09 14:13:08.382 [34m[INFO ][0;39m org.springframework.web.servlet.mvc.method.annotation.RequestMappingHandlerMapping - Mapped "{[/poseidon/role/delete/{id}],methods=[DELETE]}" onto public com.muggle.poseidon.base.ResultBean com.muggle.poseidon.controller.RoleController.delete(java.lang.String)
2019-04-09 14:13:08.382 [34m[INFO ][0;39m org.springframework.web.servlet.mvc.method.annotation.RequestMappingHandlerMapping - Mapped "{[/poseidon/role/insert/user_role],methods=[POST]}" onto public com.muggle.poseidon.base.ResultBean com.muggle.poseidon.controller.RoleController.insertUserRole(com.muggle.poseidon.entity.UserRole)
2019-04-09 14:13:08.382 [34m[INFO ][0;39m org.springframework.web.servlet.mvc.method.annotation.RequestMappingHandlerMapping - Mapped "{[/poseidon/role/insert],methods=[POST]}" onto public com.muggle.poseidon.base.ResultBean com.muggle.poseidon.controller.RoleController.insertRole(com.muggle.poseidon.entity.Role)
2019-04-09 14:13:08.382 [34m[INFO ][0;39m org.springframework.web.servlet.mvc.method.annotation.RequestMappingHandlerMapping - Mapped "{[/poseidon/role/find],methods=[GET]}" onto public com.muggle.poseidon.base.ResultBean com.muggle.poseidon.controller.RoleController.getRoles()
2019-04-09 14:13:08.382 [34m[INFO ][0;39m org.springframework.web.servlet.mvc.method.annotation.RequestMappingHandlerMapping - Mapped "{[/poseidon/role/find/{id}],methods=[GET]}" onto public com.muggle.poseidon.base.ResultBean com.muggle.poseidon.controller.RoleController.getRoleById(java.lang.String)
2019-04-09 14:13:08.382 [34m[INFO ][0;39m org.springframework.web.servlet.mvc.method.annotation.RequestMappingHandlerMapping - Mapped "{[/poseidon/role/update],methods=[PUT]}" onto public com.muggle.poseidon.base.ResultBean com.muggle.poseidon.controller.RoleController.updateRole(com.muggle.poseidon.entity.Role)
2019-04-09 14:13:08.384 [34m[INFO ][0;39m org.springframework.web.servlet.mvc.method.annotation.RequestMappingHandlerMapping - Mapped "{[/poseidon/user/update],methods=[PUT]}" onto public com.muggle.poseidon.base.ResultBean com.muggle.poseidon.controller.UserController.update(com.muggle.poseidon.entity.vo.UserVO,java.lang.String,java.lang.String)
2019-04-09 14:13:08.385 [34m[INFO ][0;39m org.springframework.web.servlet.mvc.method.annotation.RequestMappingHandlerMapping - Mapped "{[/poseidon/user/delete],methods=[DELETE]}" onto public com.muggle.poseidon.base.ResultBean com.muggle.poseidon.controller.UserController.delete()
2019-04-09 14:13:08.385 [34m[INFO ][0;39m org.springframework.web.servlet.mvc.method.annotation.RequestMappingHandlerMapping - Mapped "{[/poseidon/user/my_info],methods=[GET]}" onto public com.muggle.poseidon.base.ResultBean com.muggle.poseidon.controller.UserController.userInfo()
2019-04-09 14:13:08.385 [34m[INFO ][0;39m org.springframework.web.servlet.mvc.method.annotation.RequestMappingHandlerMapping - Mapped "{[/poseidon/user/info/{id}],methods=[GET]}" onto public com.muggle.poseidon.base.ResultBean com.muggle.poseidon.controller.UserController.getUserById(java.lang.String)
2019-04-09 14:13:08.385 [34m[INFO ][0;39m org.springframework.web.servlet.mvc.method.annotation.RequestMappingHandlerMapping - Mapped "{[/poseidon/user/role_user],methods=[GET]}" onto public com.muggle.poseidon.base.ResultBean com.muggle.poseidon.controller.UserController.getUsers(java.lang.String)
2019-04-09 14:13:08.385 [34m[INFO ][0;39m org.springframework.web.servlet.mvc.method.annotation.RequestMappingHandlerMapping - Mapped "{[/public/web/test],methods=[GET]}" onto public java.lang.String com.muggle.poseidon.TestController.test()
2019-04-09 14:13:08.385 [34m[INFO ][0;39m org.springframework.web.servlet.mvc.method.annotation.RequestMappingHandlerMapping - Mapped "{[/public/log/],methods=[GET]}" onto public java.lang.String com.muggle.poseidon.controller.LogTestController.test()
2019-04-09 14:13:08.387 [34m[INFO ][0;39m org.springframework.web.servlet.mvc.method.annotation.RequestMappingHandlerMapping - Mapped "{[/error]}" onto public org.springframework.http.ResponseEntity<java.util.Map<java.lang.String, java.lang.Object>> org.springframework.boot.autoconfigure.web.servlet.error.BasicErrorController.error(javax.servlet.http.HttpServletRequest)
2019-04-09 14:13:08.387 [34m[INFO ][0;39m org.springframework.web.servlet.mvc.method.annotation.RequestMappingHandlerMapping - Mapped "{[/error],produces=[text/html]}" onto public org.springframework.web.servlet.ModelAndView org.springframework.boot.autoconfigure.web.servlet.error.BasicErrorController.errorHtml(javax.servlet.http.HttpServletRequest,javax.servlet.http.HttpServletResponse)
2019-04-09 14:13:08.417 [34m[INFO ][0;39m org.springframework.web.servlet.handler.SimpleUrlHandlerMapping - Mapped URL path [/webjars/**] onto handler of type [class org.springframework.web.servlet.resource.ResourceHttpRequestHandler]
2019-04-09 14:13:08.417 [34m[INFO ][0;39m org.springframework.web.servlet.handler.SimpleUrlHandlerMapping - Mapped URL path [/**] onto handler of type [class org.springframework.web.servlet.resource.ResourceHttpRequestHandler]
2019-04-09 14:13:08.431 [34m[INFO ][0;39m org.springframework.web.servlet.mvc.method.annotation.ExceptionHandlerExceptionResolver - Detected @ExceptionHandler methods in restExceptionHandlerController
2019-04-09 14:13:08.772 [34m[INFO ][0;39m com.muggle.poseidon.poseidoncenter.RedisTempleteTest - Started RedisTempleteTest in 9.19 seconds (JVM running for 10.338)
2019-04-09 14:13:08.875 [34m[INFO ][0;39m org.springframework.web.context.support.GenericWebApplicationContext - Closing org.springframework.web.context.support.GenericWebApplicationContext@1608bcbd: startup date [Tue Apr 09 14:13:00 CST 2019]; root of context hierarchy
2019-04-09 14:13:08.892 [34m[INFO ][0;39m org.springframework.orm.jpa.LocalContainerEntityManagerFactoryBean - Closing JPA EntityManagerFactory for persistence unit 'secondPersistenceUnit'
2019-04-09 14:13:08.896 [34m[INFO ][0;39m com.alibaba.druid.pool.DruidDataSource - {dataSource-3} closed
2019-04-09 14:13:08.897 [34m[INFO ][0;39m org.springframework.orm.jpa.LocalContainerEntityManagerFactoryBean - Closing JPA EntityManagerFactory for persistence unit 'primaryPersistenceUnit'
2019-04-09 14:13:08.898 [34m[INFO ][0;39m com.alibaba.druid.pool.DruidDataSource - {dataSource-2} closed
